2024.08.16 12:20:33 INFO  Started: Metals version 1.3.5 in folders 'H:\Downloads\java-interview-master' for client Visual Studio Code 1.90.2.
SLF4J(W): Class path contains multiple SLF4J providers.
SLF4J(W): Found provider [scribe.slf4j.ScribeServiceProvider@4acaa687]
SLF4J(W): Found provider [ch.qos.logback.classic.spi.LogbackServiceProvider@3e5f8ac1]
SLF4J(W): See https://www.slf4j.org/codes.html#multiple_bindings for an explanation.
SLF4J(I): Actual provider is of type [scribe.slf4j.ScribeServiceProvider@4acaa687]
2024.08.16 12:20:33 WARN  Flyway upgrade recommended: H2 2.3.230 is newer than this version of Flyway and support has not been tested. The latest supported version of H2 is 2.2.220.
Aug 16, 2024 12:20:35 PM org.eclipse.lsp4j.jsonrpc.RemoteEndpoint handleCancellation
WARNING: Unmatched cancel notification for request id 3
Aug 16, 2024 12:20:35 PM org.eclipse.lsp4j.jsonrpc.RemoteEndpoint handleCancellation
WARNING: Unmatched cancel notification for request id 6
Aug 16, 2024 12:20:35 PM org.eclipse.lsp4j.jsonrpc.RemoteEndpoint handleCancellation
WARNING: Unmatched cancel notification for request id 2
Aug 16, 2024 12:20:35 PM org.eclipse.lsp4j.jsonrpc.RemoteEndpoint handleCancellation
WARNING: Unmatched cancel notification for request id 1
2024.08.16 12:21:56 INFO  no build target found for H:\Downloads\java-interview-master\java-interview-master\src\test\scala\collection\CollectionTestSpec.scala. Using presentation compiler with project's scala-library version: 3.3.3
2024.08.16 12:22:00 INFO  time: code lens generation in 5s
2024.08.16 12:27:50 INFO  no build target found for H:\Downloads\java-interview-master\java-interview-master\src\test\scala\collection\CollectionTestSpec.scala. Using presentation compiler with project's scala-library version: 3.3.3
2024.08.16 12:27:51 INFO  no build target found for H:\Downloads\java-interview-master\java-interview-master\src\main\java\async\AsyncTest.java. Using presentation compiler with project's scala-library version: 3.3.3
Aug 16, 2024 12:27:51 PM scala.meta.internal.pc.CompilerAccess handleError
SEVERE: A severe compiler error occurred, full details of the error can be found in the error report H:\Downloads\java-interview-master\.metals\.reports\metals-full\2024-08-16\r_compiler-error_12-27-51-573.md
2024.08.16 12:41:16 INFO  no build target found for H:\Downloads\java-interview-master\java-interview-master\src\main\java\async\AsyncTest.java. Using presentation compiler with project's scala-library version: 3.3.3
Aug 16, 2024 12:41:16 PM scala.meta.internal.pc.CompilerAccess handleError
SEVERE: A severe compiler error occurred, full details of the error can be found in the error report H:\Downloads\java-interview-master\.metals\.reports\metals-full\2024-08-16\r_compiler-error_12-41-16-764.md
2024.08.16 12:41:41 INFO  no build target found for H:\Downloads\java-interview-master\java-interview-master\src\main\java\async\AsyncTest.java. Using presentation compiler with project's scala-library version: 3.3.3
Aug 16, 2024 12:41:41 PM scala.meta.internal.pc.CompilerAccess handleError
SEVERE: A severe compiler error occurred, full details of the error can be found in the error report H:\Downloads\java-interview-master\.metals\.reports\metals-full\2024-08-16\r_compiler-error_12-41-41-236.md
2024.08.16 13:24:59 INFO  no build target found for H:\Downloads\java-interview-master\java-interview-master\src\main\java\async\AsyncTest.java. Using presentation compiler with project's scala-library version: 3.3.3
Aug 16, 2024 1:24:59 PM scala.meta.internal.pc.CompilerAccess handleError
SEVERE: A severe compiler error occurred, full details of the error can be found in the error report H:\Downloads\java-interview-master\.metals\.reports\metals-full\2024-08-16\r_compiler-error_13-24-59-521.md
2024.08.16 13:25:05 INFO  no build target found for H:\Downloads\java-interview-master\java-interview-master\src\main\java\async\AsyncTest.java. Using presentation compiler with project's scala-library version: 3.3.3
Aug 16, 2024 1:25:05 PM scala.meta.internal.pc.CompilerAccess handleError
SEVERE: A severe compiler error occurred, full details of the error can be found in the error report H:\Downloads\java-interview-master\.metals\.reports\metals-full\2024-08-16\r_compiler-error_13-25-05-300.md
2024.08.16 13:26:28 INFO  no build target found for H:\Downloads\java-interview-master\java-interview-master\src\main\java\async\AsyncTest.java. Using presentation compiler with project's scala-library version: 3.3.3
Aug 16, 2024 1:26:28 PM scala.meta.internal.pc.CompilerAccess handleError
SEVERE: A severe compiler error occurred, full details of the error can be found in the error report H:\Downloads\java-interview-master\.metals\.reports\metals-full\2024-08-16\r_compiler-error_13-26-28-355.md
2024.08.16 13:26:50 INFO  no build target found for H:\Downloads\java-interview-master\java-interview-master\src\test\scala\collection\CollectionTestSpec.scala. Using presentation compiler with project's scala-library version: 3.3.3
2024.08.16 13:26:50 INFO  no build target found for H:\Downloads\java-interview-master\java-interview-master\src\main\java\async\Ceo.java. Using presentation compiler with project's scala-library version: 3.3.3
Aug 16, 2024 1:26:50 PM scala.meta.internal.pc.CompilerAccess handleError
SEVERE: A severe compiler error occurred, full details of the error can be found in the error report H:\Downloads\java-interview-master\.metals\.reports\metals-full\2024-08-16\r_compiler-error_13-26-50-516.md
2024.08.16 13:26:51 INFO  no build target found for H:\Downloads\java-interview-master\java-interview-master\src\main\java\async\Ceo.java. Using presentation compiler with project's scala-library version: 3.3.3
2024.08.16 13:26:51 INFO  no build target found for H:\Downloads\java-interview-master\java-interview-master\src\main\java\async\Enterprise.java. Using presentation compiler with project's scala-library version: 3.3.3
Aug 16, 2024 1:26:51 PM scala.meta.internal.pc.CompilerAccess handleError
SEVERE: A severe compiler error occurred, full details of the error can be found in the error report H:\Downloads\java-interview-master\.metals\.reports\metals-full\2024-08-16\r_compiler-error_13-26-51-929.md
2024.08.16 13:26:52 INFO  no build target found for H:\Downloads\java-interview-master\java-interview-master\src\main\java\basic\BasicTest.java. Using presentation compiler with project's scala-library version: 3.3.3
Aug 16, 2024 1:26:53 PM scala.meta.internal.pc.CompilerAccess handleError
SEVERE: A severe compiler error occurred, full details of the error can be found in the error report H:\Downloads\java-interview-master\.metals\.reports\metals-full\2024-08-16\r_compiler-error_13-26-53-116.md
2024.08.16 13:26:57 INFO  no build target found for H:\Downloads\java-interview-master\java-interview-master\src\main\java\basic\BasicTest.java. Using presentation compiler with project's scala-library version: 3.3.3
2024.08.16 13:26:57 INFO  no build target found for H:\Downloads\java-interview-master\java-interview-master\src\main\java\basic\BasicTest.java. Using presentation compiler with project's scala-library version: 3.3.3
Aug 16, 2024 1:26:57 PM scala.meta.internal.pc.CompilerAccess handleError
SEVERE: A severe compiler error occurred, full details of the error can be found in the error report H:\Downloads\java-interview-master\.metals\.reports\metals-full\2024-08-16\r_compiler-error_13-26-57-628.md
2024.08.16 13:26:58 WARN  no build target for: H:\Downloads\java-interview-master\java-interview-master\src\main\java\basic\BasicTest.java
2024.08.16 13:26:58 INFO  no build target found for H:\Downloads\java-interview-master\java-interview-master\src\main\java\basic\BasicTest.java. Using presentation compiler with project's scala-library version: 3.3.3
Aug 16, 2024 1:26:58 PM scala.meta.internal.pc.CompilerAccess handleError
SEVERE: A severe compiler error occurred, full details of the error can be found in the error report H:\Downloads\java-interview-master\.metals\.reports\metals-full\2024-08-16\r_compiler-error_13-26-58-359.md
2024.08.16 13:26:58 INFO  no build target found for H:\Downloads\java-interview-master\java-interview-master\src\main\java\basic\BasicTest.java. Using presentation compiler with project's scala-library version: 3.3.3
2024.08.16 13:26:58 WARN  Running javac-semanticdb failed for file:///H:/Downloads/java-interview-master/java-interview-master/src/main/java/basic/BasicTest.java. Output:

2024.08.16 13:26:58 INFO  no build target found for H:\Downloads\java-interview-master\java-interview-master\src\main\java\basic\BasicTest.java. Using presentation compiler with project's scala-library version: 3.3.3
Aug 16, 2024 1:26:59 PM scala.meta.internal.pc.CompilerAccess handleError
SEVERE: A severe compiler error occurred, full details of the error can be found in the error report H:\Downloads\java-interview-master\.metals\.reports\metals-full\2024-08-16\r_compiler-error_13-26-59-041.md
2024.08.16 13:26:59 WARN  no build target for: H:\Downloads\java-interview-master\java-interview-master\src\main\java\basic\BasicTest.java
2024.08.16 13:26:59 INFO  no build target found for H:\Downloads\java-interview-master\java-interview-master\src\main\java\basic\BasicTest.java. Using presentation compiler with project's scala-library version: 3.3.3
Aug 16, 2024 1:26:59 PM scala.meta.internal.pc.CompilerAccess handleError
SEVERE: A severe compiler error occurred, full details of the error can be found in the error report H:\Downloads\java-interview-master\.metals\.reports\metals-full\2024-08-16\r_compiler-error_13-26-59-813.md
2024.08.16 13:27:00 INFO  no build target found for H:\Downloads\java-interview-master\java-interview-master\src\main\java\basic\BasicTest.java. Using presentation compiler with project's scala-library version: 3.3.3
2024.08.16 13:27:00 INFO  no build target found for H:\Downloads\java-interview-master\java-interview-master\src\main\java\basic\BasicTest.java. Using presentation compiler with project's scala-library version: 3.3.3
Aug 16, 2024 1:27:00 PM scala.meta.internal.pc.CompilerAccess handleError
SEVERE: A severe compiler error occurred, full details of the error can be found in the error report H:\Downloads\java-interview-master\.metals\.reports\metals-full\2024-08-16\r_compiler-error_13-27-00-287.md
2024.08.16 13:27:00 INFO  no build target found for H:\Downloads\java-interview-master\java-interview-master\src\main\java\basic\BasicTest.java. Using presentation compiler with project's scala-library version: 3.3.3
2024.08.16 13:27:00 INFO  no build target found for H:\Downloads\java-interview-master\java-interview-master\src\main\java\basic\BasicTest.java. Using presentation compiler with project's scala-library version: 3.3.3
Aug 16, 2024 1:27:00 PM scala.meta.internal.pc.CompilerAccess handleError
SEVERE: A severe compiler error occurred, full details of the error can be found in the error report H:\Downloads\java-interview-master\.metals\.reports\metals-full\2024-08-16\r_compiler-error_13-27-00-900.md
2024.08.16 13:27:00 INFO  no build target found for H:\Downloads\java-interview-master\java-interview-master\src\main\java\basic\BasicTest.java. Using presentation compiler with project's scala-library version: 3.3.3
2024.08.16 13:27:00 INFO  no build target found for H:\Downloads\java-interview-master\java-interview-master\src\main\java\basic\BasicTest.java. Using presentation compiler with project's scala-library version: 3.3.3
Aug 16, 2024 1:27:01 PM scala.meta.internal.pc.CompilerAccess handleError
SEVERE: A severe compiler error occurred, full details of the error can be found in the error report H:\Downloads\java-interview-master\.metals\.reports\metals-full\2024-08-16\r_compiler-error_13-27-01-120.md
2024.08.16 13:27:01 INFO  no build target found for H:\Downloads\java-interview-master\java-interview-master\src\main\java\basic\BasicTest.java. Using presentation compiler with project's scala-library version: 3.3.3
2024.08.16 13:27:00 INFO  no build target found for H:\Downloads\java-interview-master\java-interview-master\src\main\java\basic\BasicTest.java. Using presentation compiler with project's scala-library version: 3.3.3
Aug 16, 2024 1:27:01 PM scala.meta.internal.pc.CompilerAccess handleError
SEVERE: A severe compiler error occurred, full details of the error can be found in the error report H:\Downloads\java-interview-master\.metals\.reports\metals-full\2024-08-16\r_compiler-error_13-27-01-433.md
2024.08.16 13:27:01 INFO  no build target found for H:\Downloads\java-interview-master\java-interview-master\src\main\java\basic\BasicTest.java. Using presentation compiler with project's scala-library version: 3.3.3
2024.08.16 13:27:00 INFO  no build target found for H:\Downloads\java-interview-master\java-interview-master\src\main\java\basic\BasicTest.java. Using presentation compiler with project's scala-library version: 3.3.3
Aug 16, 2024 1:27:01 PM scala.meta.internal.pc.CompilerAccess handleError
SEVERE: A severe compiler error occurred, full details of the error can be found in the error report H:\Downloads\java-interview-master\.metals\.reports\metals-full\2024-08-16\r_compiler-error_13-27-01-753.md
2024.08.16 13:27:01 INFO  no build target found for H:\Downloads\java-interview-master\java-interview-master\src\main\java\basic\BasicTest.java. Using presentation compiler with project's scala-library version: 3.3.3
2024.08.16 13:27:02 INFO  no build target found for H:\Downloads\java-interview-master\java-interview-master\src\main\java\basic\BasicTest.java. Using presentation compiler with project's scala-library version: 3.3.3
Aug 16, 2024 1:27:02 PM scala.meta.internal.pc.CompilerAccess handleError
SEVERE: A severe compiler error occurred, full details of the error can be found in the error report H:\Downloads\java-interview-master\.metals\.reports\metals-full\2024-08-16\r_compiler-error_13-27-02-084.md
2024.08.16 13:27:02 INFO  no build target found for H:\Downloads\java-interview-master\java-interview-master\src\main\java\basic\BasicTest.java. Using presentation compiler with project's scala-library version: 3.3.3
2024.08.16 13:27:02 INFO  no build target found for H:\Downloads\java-interview-master\java-interview-master\src\main\java\basic\BasicTest.java. Using presentation compiler with project's scala-library version: 3.3.3
Aug 16, 2024 1:27:02 PM scala.meta.internal.pc.CompilerAccess handleError
SEVERE: A severe compiler error occurred, full details of the error can be found in the error report H:\Downloads\java-interview-master\.metals\.reports\metals-full\2024-08-16\r_compiler-error_13-27-02-704.md
2024.08.16 13:27:02 INFO  no build target found for H:\Downloads\java-interview-master\java-interview-master\src\main\java\basic\BasicTest.java. Using presentation compiler with project's scala-library version: 3.3.3
2024.08.16 13:27:03 INFO  no build target found for H:\Downloads\java-interview-master\java-interview-master\src\main\java\basic\BasicTest.java. Using presentation compiler with project's scala-library version: 3.3.3
Aug 16, 2024 1:27:03 PM scala.meta.internal.pc.CompilerAccess handleError
SEVERE: A severe compiler error occurred, full details of the error can be found in the error report H:\Downloads\java-interview-master\.metals\.reports\metals-full\2024-08-16\r_compiler-error_13-27-03-275.md
2024.08.16 13:27:03 INFO  no build target found for H:\Downloads\java-interview-master\java-interview-master\src\main\java\basic\BasicTest.java. Using presentation compiler with project's scala-library version: 3.3.3
2024.08.16 13:27:03 INFO  no build target found for H:\Downloads\java-interview-master\java-interview-master\src\main\java\basic\BasicTest.java. Using presentation compiler with project's scala-library version: 3.3.3
Aug 16, 2024 1:27:03 PM scala.meta.internal.pc.CompilerAccess handleError
SEVERE: A severe compiler error occurred, full details of the error can be found in the error report H:\Downloads\java-interview-master\.metals\.reports\metals-full\2024-08-16\r_compiler-error_13-27-03-785.md
2024.08.16 13:27:03 INFO  no build target found for H:\Downloads\java-interview-master\java-interview-master\src\main\java\basic\BasicTest.java. Using presentation compiler with project's scala-library version: 3.3.3
2024.08.16 13:27:03 INFO  no build target found for H:\Downloads\java-interview-master\java-interview-master\src\main\java\basic\BasicTest.java. Using presentation compiler with project's scala-library version: 3.3.3
Aug 16, 2024 1:27:04 PM scala.meta.internal.pc.CompilerAccess handleError
SEVERE: A severe compiler error occurred, full details of the error can be found in the error report H:\Downloads\java-interview-master\.metals\.reports\metals-full\2024-08-16\r_compiler-error_13-27-04-075.md
2024.08.16 13:27:03 INFO  no build target found for H:\Downloads\java-interview-master\java-interview-master\src\main\java\basic\BasicTest.java. Using presentation compiler with project's scala-library version: 3.3.3
2024.08.16 13:27:04 INFO  no build target found for H:\Downloads\java-interview-master\java-interview-master\src\main\java\basic\BasicTest.java. Using presentation compiler with project's scala-library version: 3.3.3
Aug 16, 2024 1:27:04 PM scala.meta.internal.pc.CompilerAccess handleError
SEVERE: A severe compiler error occurred, full details of the error can be found in the error report H:\Downloads\java-interview-master\.metals\.reports\metals-full\2024-08-16\r_compiler-error_13-27-04-340.md
2024.08.16 13:27:03 INFO  no build target found for H:\Downloads\java-interview-master\java-interview-master\src\main\java\basic\BasicTest.java. Using presentation compiler with project's scala-library version: 3.3.3
2024.08.16 13:27:04 INFO  no build target found for H:\Downloads\java-interview-master\java-interview-master\src\main\java\basic\BasicTest.java. Using presentation compiler with project's scala-library version: 3.3.3
Aug 16, 2024 1:27:04 PM scala.meta.internal.pc.CompilerAccess handleError
SEVERE: A severe compiler error occurred, full details of the error can be found in the error report H:\Downloads\java-interview-master\.metals\.reports\metals-full\2024-08-16\r_compiler-error_13-27-04-764.md
2024.08.16 13:27:05 WARN  no build target for: H:\Downloads\java-interview-master\java-interview-master\src\main\java\basic\BasicTest.java
2024.08.16 13:27:05 INFO  no build target found for H:\Downloads\java-interview-master\java-interview-master\src\main\java\basic\BasicTest.java. Using presentation compiler with project's scala-library version: 3.3.3
Aug 16, 2024 1:27:05 PM scala.meta.internal.pc.CompilerAccess handleError
SEVERE: A severe compiler error occurred, full details of the error can be found in the error report H:\Downloads\java-interview-master\.metals\.reports\metals-full\2024-08-16\r_compiler-error_13-27-05-540.md
Aug 16, 2024 1:27:05 PM org.eclipse.lsp4j.jsonrpc.RemoteEndpoint handleCancellation
WARNING: Unmatched cancel notification for request id 134
2024.08.16 13:27:06 INFO  no build target found for H:\Downloads\java-interview-master\java-interview-master\src\main\java\async\AsyncTest.java. Using presentation compiler with project's scala-library version: 3.3.3
Aug 16, 2024 1:27:06 PM scala.meta.internal.pc.CompilerAccess handleError
SEVERE: A severe compiler error occurred, full details of the error can be found in the error report H:\Downloads\java-interview-master\.metals\.reports\metals-full\2024-08-16\r_compiler-error_13-27-06-222.md
2024.08.16 13:27:17 INFO  no build target found for H:\Downloads\java-interview-master\java-interview-master\src\main\java\async\Enterprise.java. Using presentation compiler with project's scala-library version: 3.3.3
2024.08.16 13:27:17 INFO  no build target found for H:\Downloads\java-interview-master\java-interview-master\src\main\java\async\Ceo.java. Using presentation compiler with project's scala-library version: 3.3.3
Aug 16, 2024 1:27:17 PM scala.meta.internal.pc.CompilerAccess handleError
SEVERE: A severe compiler error occurred, full details of the error can be found in the error report H:\Downloads\java-interview-master\.metals\.reports\metals-full\2024-08-16\r_compiler-error_13-27-17-117.md
2024.08.16 13:27:17 INFO  no build target found for H:\Downloads\java-interview-master\java-interview-master\src\main\java\async\Ceo.java. Using presentation compiler with project's scala-library version: 3.3.3
2024.08.16 13:27:17 INFO  no build target found for H:\Downloads\java-interview-master\java-interview-master\src\main\java\async\Enterprise.java. Using presentation compiler with project's scala-library version: 3.3.3
Aug 16, 2024 1:27:17 PM scala.meta.internal.pc.CompilerAccess handleError
SEVERE: A severe compiler error occurred, full details of the error can be found in the error report H:\Downloads\java-interview-master\.metals\.reports\metals-full\2024-08-16\r_compiler-error_13-27-17-947.md
Aug 16, 2024 1:27:21 PM org.eclipse.lsp4j.jsonrpc.RemoteEndpoint handleCancellation
WARNING: Unmatched cancel notification for request id 170
2024.08.16 13:27:21 INFO  no build target found for H:\Downloads\java-interview-master\java-interview-master\src\main\java\basic\BasicTest.java. Using presentation compiler with project's scala-library version: 3.3.3
Aug 16, 2024 1:27:21 PM scala.meta.internal.pc.CompilerAccess handleError
SEVERE: A severe compiler error occurred, full details of the error can be found in the error report H:\Downloads\java-interview-master\.metals\.reports\metals-full\2024-08-16\r_compiler-error_13-27-21-424.md
Aug 16, 2024 1:27:22 PM org.eclipse.lsp4j.jsonrpc.RemoteEndpoint handleCancellation
WARNING: Unmatched cancel notification for request id 179
2024.08.16 13:27:22 INFO  no build target found for H:\Downloads\java-interview-master\java-interview-master\src\main\java\async\Enterprise.java. Using presentation compiler with project's scala-library version: 3.3.3
Aug 16, 2024 1:27:22 PM scala.meta.internal.pc.CompilerAccess handleError
SEVERE: A severe compiler error occurred, full details of the error can be found in the error report H:\Downloads\java-interview-master\.metals\.reports\metals-full\2024-08-16\r_compiler-error_13-27-22-525.md
Aug 16, 2024 1:27:23 PM org.eclipse.lsp4j.jsonrpc.RemoteEndpoint handleCancellation
WARNING: Unmatched cancel notification for request id 187
2024.08.16 13:27:24 INFO  no build target found for H:\Downloads\java-interview-master\java-interview-master\src\main\java\basic\BasicTest.java. Using presentation compiler with project's scala-library version: 3.3.3
Aug 16, 2024 1:27:24 PM scala.meta.internal.pc.CompilerAccess handleError
SEVERE: A severe compiler error occurred, full details of the error can be found in the error report H:\Downloads\java-interview-master\.metals\.reports\metals-full\2024-08-16\r_compiler-error_13-27-24-287.md
Aug 16, 2024 1:27:29 PM org.eclipse.lsp4j.jsonrpc.RemoteEndpoint handleCancellation
WARNING: Unmatched cancel notification for request id 196
2024.08.16 13:27:30 INFO  no build target found for H:\Downloads\java-interview-master\java-interview-master\src\main\java\collection\CollectionTest.java. Using presentation compiler with project's scala-library version: 3.3.3
Aug 16, 2024 1:27:30 PM scala.meta.internal.pc.CompilerAccess handleError
SEVERE: A severe compiler error occurred, full details of the error can be found in the error report H:\Downloads\java-interview-master\.metals\.reports\metals-full\2024-08-16\r_compiler-error_13-27-30-245.md
Aug 16, 2024 1:27:32 PM org.eclipse.lsp4j.jsonrpc.RemoteEndpoint handleCancellation
WARNING: Unmatched cancel notification for request id 205
2024.08.16 13:27:33 INFO  no build target found for H:\Downloads\java-interview-master\java-interview-master\src\main\java\basic\BasicTest.java. Using presentation compiler with project's scala-library version: 3.3.3
Aug 16, 2024 1:27:33 PM scala.meta.internal.pc.CompilerAccess handleError
SEVERE: A severe compiler error occurred, full details of the error can be found in the error report H:\Downloads\java-interview-master\.metals\.reports\metals-full\2024-08-16\r_compiler-error_13-27-33-097.md
2024.08.16 13:28:17 INFO  no build target found for H:\Downloads\java-interview-master\java-interview-master\src\main\java\collection\CollectionTest.java. Using presentation compiler with project's scala-library version: 3.3.3
Aug 16, 2024 1:28:17 PM scala.meta.internal.pc.CompilerAccess handleError
SEVERE: A severe compiler error occurred, full details of the error can be found in the error report H:\Downloads\java-interview-master\.metals\.reports\metals-full\2024-08-16\r_compiler-error_13-28-17-212.md
2024.08.16 13:29:07 INFO  no build target found for H:\Downloads\java-interview-master\java-interview-master\src\main\java\async\Enterprise.java. Using presentation compiler with project's scala-library version: 3.3.3
2024.08.16 13:29:07 INFO  no build target found for H:\Downloads\java-interview-master\java-interview-master\src\test\scala\async\AsyncTestSpec.scala. Using presentation compiler with project's scala-library version: 3.3.3
2024.08.16 13:29:07 INFO  no build target found for H:\Downloads\java-interview-master\java-interview-master\src\test\scala\async\AsyncTestSpec.scala. Using presentation compiler with project's scala-library version: 3.3.3
2024.08.16 13:29:12 INFO  no build target found for H:\Downloads\java-interview-master\java-interview-master\src\test\scala\async\AsyncTestSpec.scala. Using presentation compiler with project's scala-library version: 3.3.3
2024.08.16 13:29:12 INFO  no build target found for H:\Downloads\java-interview-master\java-interview-master\src\test\scala\basic\BasicTestSpec.scala. Using presentation compiler with project's scala-library version: 3.3.3
2024.08.16 13:29:12 INFO  no build target found for H:\Downloads\java-interview-master\java-interview-master\src\test\scala\basic\BasicTestSpec.scala. Using presentation compiler with project's scala-library version: 3.3.3
2024.08.16 13:29:13 INFO  no build target found for H:\Downloads\java-interview-master\java-interview-master\src\test\scala\basic\BasicTestSpec.scala. Using presentation compiler with project's scala-library version: 3.3.3
2024.08.16 13:29:13 INFO  no build target found for H:\Downloads\java-interview-master\java-interview-master\src\test\scala\basic\BasicTestSpec.scala. Using presentation compiler with project's scala-library version: 3.3.3
2024.08.16 13:29:22 INFO  no build target found for H:\Downloads\java-interview-master\java-interview-master\src\test\scala\basic\BasicTestSpec.scala. Using presentation compiler with project's scala-library version: 3.3.3
2024.08.16 13:29:22 INFO  no build target found for H:\Downloads\java-interview-master\java-interview-master\src\test\scala\collection\CollectionTestSpec.scala. Using presentation compiler with project's scala-library version: 3.3.3
2024.08.16 13:29:22 INFO  no build target found for H:\Downloads\java-interview-master\java-interview-master\src\test\scala\collection\CollectionTestSpec.scala. Using presentation compiler with project's scala-library version: 3.3.3
2024.08.16 13:29:26 INFO  no build target found for H:\Downloads\java-interview-master\java-interview-master\src\test\scala\collection\CollectionTestSpec.scala. Using presentation compiler with project's scala-library version: 3.3.3
2024.08.16 13:29:26 INFO  no build target found for H:\Downloads\java-interview-master\java-interview-master\src\test\scala\async\AsyncTestSpec.scala. Using presentation compiler with project's scala-library version: 3.3.3
2024.08.16 13:29:26 INFO  no build target found for H:\Downloads\java-interview-master\java-interview-master\src\test\scala\async\AsyncTestSpec.scala. Using presentation compiler with project's scala-library version: 3.3.3
2024.08.16 14:14:08 INFO  no build target found for H:\Downloads\java-interview-master\java-interview-master\src\test\scala\async\AsyncTestSpec.scala. Using presentation compiler with project's scala-library version: 3.3.3
Aug 16, 2024 2:33:27 PM org.eclipse.lsp4j.jsonrpc.services.GenericEndpoint notify
INFO: Unsupported notification method: $/setTrace
2024.08.16 14:33:31 INFO  no build target found for H:\Downloads\java-interview-master\java-interview-master\src\test\scala\async\AsyncTestSpec.scala. Using presentation compiler with project's scala-library version: 3.3.3
2024.08.16 14:33:58 INFO  no build target found for H:\Downloads\java-interview-master\java-interview-master\src\test\scala\async\AsyncTestSpec.scala. Using presentation compiler with project's scala-library version: 3.3.3
2024.08.16 14:34:00 INFO  no build target found for H:\Downloads\java-interview-master\java-interview-master\src\test\scala\async\AsyncTestSpec.scala. Using presentation compiler with project's scala-library version: 3.3.3
2024.08.16 14:34:04 INFO  no build target found for H:\Downloads\java-interview-master\java-interview-master\src\main\java\collection\CollectionTest.java. Using presentation compiler with project's scala-library version: 3.3.3
Aug 16, 2024 2:34:04 PM scala.meta.internal.pc.CompilerAccess handleError
SEVERE: A severe compiler error occurred, full details of the error can be found in the error report H:\Downloads\java-interview-master\.metals\.reports\metals-full\2024-08-16\r_compiler-error_14-34-04-416.md
2024.08.16 14:34:09 INFO  no build target found for H:\Downloads\java-interview-master\java-interview-master\src\main\java\collection\CollectionTest.java. Using presentation compiler with project's scala-library version: 3.3.3
Aug 16, 2024 2:34:09 PM scala.meta.internal.pc.CompilerAccess handleError
SEVERE: A severe compiler error occurred, full details of the error can be found in the error report H:\Downloads\java-interview-master\.metals\.reports\metals-full\2024-08-16\r_compiler-error_14-34-09-365.md
2024.08.16 14:34:10 INFO  no build target found for H:\Downloads\java-interview-master\java-interview-master\src\main\java\collection\CollectionTest.java. Using presentation compiler with project's scala-library version: 3.3.3
Aug 16, 2024 2:34:10 PM scala.meta.internal.pc.CompilerAccess handleError
SEVERE: A severe compiler error occurred, full details of the error can be found in the error report H:\Downloads\java-interview-master\.metals\.reports\metals-full\2024-08-16\r_compiler-error_14-34-10-488.md
2024.08.16 14:35:12 INFO  no build target found for H:\Downloads\java-interview-master\java-interview-master\src\main\java\collection\CollectionTest.java. Using presentation compiler with project's scala-library version: 3.3.3
Aug 16, 2024 2:35:12 PM scala.meta.internal.pc.CompilerAccess handleError
SEVERE: A severe compiler error occurred, full details of the error can be found in the error report H:\Downloads\java-interview-master\.metals\.reports\metals-full\2024-08-16\r_compiler-error_14-35-12-709.md
2024.08.16 14:35:47 INFO  no build target found for H:\Downloads\java-interview-master\java-interview-master\src\main\java\collection\CollectionTest.java. Using presentation compiler with project's scala-library version: 3.3.3
Aug 16, 2024 2:35:47 PM scala.meta.internal.pc.CompilerAccess handleError
SEVERE: A severe compiler error occurred, full details of the error can be found in the error report H:\Downloads\java-interview-master\.metals\.reports\metals-full\2024-08-16\r_compiler-error_14-35-47-552.md
2024.08.16 14:36:39 INFO  no build target found for H:\Downloads\java-interview-master\java-interview-master\src\main\java\collection\CollectionTest.java. Using presentation compiler with project's scala-library version: 3.3.3
Aug 16, 2024 2:36:39 PM scala.meta.internal.pc.CompilerAccess handleError
SEVERE: A severe compiler error occurred, full details of the error can be found in the error report H:\Downloads\java-interview-master\.metals\.reports\metals-full\2024-08-16\r_compiler-error_14-36-39-384.md
2024.08.16 14:38:02 INFO  no build target found for H:\Downloads\java-interview-master\java-interview-master\src\main\java\collection\CollectionTest.java. Using presentation compiler with project's scala-library version: 3.3.3
Aug 16, 2024 2:38:03 PM scala.meta.internal.pc.CompilerAccess handleError
SEVERE: A severe compiler error occurred, full details of the error can be found in the error report H:\Downloads\java-interview-master\.metals\.reports\metals-full\2024-08-16\r_compiler-error_14-38-03-011.md
2024.08.16 14:38:08 INFO  Shutting down server
2024.08.16 14:38:08 INFO  shutting down Metals
2024.08.16 14:38:08 INFO  Exiting server
